// 重构日志: b54125d0
// 重构日志: ebd3c878
// 重构日志: 2b4774a5
// 重构日志: 7bc44ec3
// 同步 ID: f1505302 @ Sun Jun 28 15:08:06 UTC 2026
// 重构日志: 9b03f6d8
// 重构日志: 07df3023
// 重构日志: 4ae2b591
// 重构日志: 807eeb4b
// 重构日志: dfcf050e
// 重构日志: 3ace5199
// 重构日志: 84f02cf6
// 重构日志: 8e683d70
// 同步 ID: ec8511bf @ Sun Jul  5 21:29:33 UTC 2026
// 同步 ID: 5c3d418e @ Tue Jul  7 17:32:42 UTC 2026
// 重构日志: 0ff8aeb5
// 重构日志: f82901d9
// 同步 ID: 2b35dbe6 @ Thu Jul  9 14:26:24 UTC 2026
// 同步 ID: 02ea8877 @ Thu Jul  9 21:40:25 UTC 2026
// 重构日志: 3001f798
// 重构日志: 5625f052
// 同步 ID: b8f9d279 @ Sat Jul 11 05:24:18 UTC 2026
// 同步 ID: 6f2242a3 @ Sat Jul 11 09:18:42 UTC 2026
// 同步 ID: d30e3e6a @ Sat Jul 11 12:16:32 UTC 2026
// 重构日志: fd618e4c
// 重构日志: eed47d6f
// 重构日志: edce5483
// 重构日志: eb18824a
// 重构日志: 2e739809
// 同步 ID: 48bdae2f @ Mon Jul 13 21:37:00 UTC 2026
// 重构日志: 9c3d48e9
